[2020-10-29 02:04:44] local.ERROR: Class 'database\seeders\Seeder' not found {"exception":"[object] (Error(code: 0): Class 'database\\seeders\\Seeder' not found at C:\\xampp2\\htdocs\\pemint_B\\bookapp\\database\\seeders\\DatabaseSeeder.php:10)
[stacktrace]
#0 C:\\xampp2\\htdocs\\pemint_B\\bookapp\\vendor\\composer\\ClassLoader.php(444): include()
#1 C:\\xampp2\\htdocs\\pemint_B\\bookapp\\vendor\\composer\\ClassLoader.php(322): Composer\\Autoload\\includeFile('C:\\\\xampp2\\\\htdoc...')
#2 [internal function]: Composer\\Autoload\\ClassLoader->loadClass('Database\\\\Seeder...')
#3 [internal function]: spl_autoload_call('Database\\\\Seeder...')
#4 C:\\xampp2\\htdocs\\pemint_B\\bookapp\\vendor\\illuminate\\database\\Console\\Seeds\\SeedCommand.php(91): class_exists('Database\\\\Seeder...')
#5 C:\\xampp2\\htdocs\\pemint_B\\bookapp\\vendor\\illuminate\\database\\Console\\Seeds\\SeedCommand.php(65): Illuminate\\Database\\Console\\Seeds\\SeedCommand->getSeeder()
#6 C:\\xampp2\\htdocs\\pemint_B\\bookapp\\vendor\\illuminate\\database\\Eloquent\\Concerns\\GuardsAttributes.php(157): Illuminate\\Database\\Console\\Seeds\\SeedCommand->Illuminate\\Database\\Console\\Seeds\\{closure}()
#7 C:\\xampp2\\htdocs\\pemint_B\\bookapp\\vendor\\illuminate\\database\\Console\\Seeds\\SeedCommand.php(66): Illuminate\\Database\\Eloquent\\Model::unguarded(Object(Closure))
#8 C:\\xampp2\\htdocs\\pemint_B\\bookapp\\vendor\\illuminate\\container\\BoundMethod.php(36): Illuminate\\Database\\Console\\Seeds\\SeedCommand->handle()
#9 C:\\xampp2\\htdocs\\pemint_B\\bookapp\\vendor\\illuminate\\container\\Util.php(40): Illuminate\\Container\\BoundMethod::Illuminate\\Container\\{closure}()
#10 C:\\xampp2\\htdocs\\pemint_B\\bookapp\\vendor\\illuminate\\container\\BoundMethod.php(93): Illuminate\\Container\\Util::unwrapIfClosure(Object(Closure))
#11 C:\\xampp2\\htdocs\\pemint_B\\bookapp\\vendor\\illuminate\\container\\BoundMethod.php(37): Illuminate\\Container\\BoundMethod::callBoundMethod(Object(Laravel\\Lumen\\Application), Array, Object(Closure))
#12 C:\\xampp2\\htdocs\\pemint_B\\bookapp\\vendor\\illuminate\\container\\Container.php(596): Illuminate\\Container\\BoundMethod::call(Object(Laravel\\Lumen\\Application), Array, Array, NULL)
#13 C:\\xampp2\\htdocs\\pemint_B\\bookapp\\vendor\\illuminate\\console\\Command.php(136): Illuminate\\Container\\Container->call(Array)
#14 C:\\xampp2\\htdocs\\pemint_B\\bookapp\\vendor\\symfony\\console\\Command\\Command.php(258): Illuminate\\Console\\Command->execute(Object(Symfony\\Component\\Console\\Input\\ArgvInput), Object(Illuminate\\Console\\OutputStyle))
#15 C:\\xampp2\\htdocs\\pemint_B\\bookapp\\vendor\\illuminate\\console\\Command.php(121): Symfony\\Component\\Console\\Command\\Command->run(Object(Symfony\\Component\\Console\\Input\\ArgvInput), Object(Illuminate\\Console\\OutputStyle))
#16 C:\\xampp2\\htdocs\\pemint_B\\bookapp\\vendor\\symfony\\console\\Application.php(920): Illuminate\\Console\\Command->run(Object(Symfony\\Component\\Console\\Input\\ArgvInput), Object(Symfony\\Component\\Console\\Output\\ConsoleOutput))
#17 C:\\xampp2\\htdocs\\pemint_B\\bookapp\\vendor\\symfony\\console\\Application.php(266): Symfony\\Component\\Console\\Application->doRunCommand(Object(Illuminate\\Database\\Console\\Seeds\\SeedCommand), Object(Symfony\\Component\\Console\\Input\\ArgvInput), Object(Symfony\\Component\\Console\\Output\\ConsoleOutput))
#18 C:\\xampp2\\htdocs\\pemint_B\\bookapp\\vendor\\symfony\\console\\Application.php(142): Symfony\\Component\\Console\\Application->doRun(Object(Symfony\\Component\\Console\\Input\\ArgvInput), Object(Symfony\\Component\\Console\\Output\\ConsoleOutput))
#19 C:\\xampp2\\htdocs\\pemint_B\\bookapp\\vendor\\illuminate\\console\\Application.php(93): Symfony\\Component\\Console\\Application->run(Object(Symfony\\Component\\Console\\Input\\ArgvInput), Object(Symfony\\Component\\Console\\Output\\ConsoleOutput))
#20 C:\\xampp2\\htdocs\\pemint_B\\bookapp\\vendor\\laravel\\lumen-framework\\src\\Console\\Kernel.php(116): Illuminate\\Console\\Application->run(Object(Symfony\\Component\\Console\\Input\\ArgvInput), Object(Symfony\\Component\\Console\\Output\\ConsoleOutput))
#21 C:\\xampp2\\htdocs\\pemint_B\\bookapp\\artisan(35): Laravel\\Lumen\\Console\\Kernel->handle(Object(Symfony\\Component\\Console\\Input\\ArgvInput), Object(Symfony\\Component\\Console\\Output\\ConsoleOutput))
#22 {main}
"} 
[2020-10-29 02:07:02] local.ERROR: SQLSTATE[HY000] [2002] No connection could be made because the target machine actively refused it.
 (SQL: insert into `books` (`title`, `description`, `author`, `created_at`, `update_at`) values (War of the Worlds, A science fiction masterpiece about Martians invading London, H. G. Wells, 2020-10-29 02:06:59, 2020-10-29 02:06:59)) {"exception":"[object] (Illuminate\\Database\\QueryException(code: 2002): SQLSTATE[HY000] [2002] No connection could be made because the target machine actively refused it.
 (SQL: insert into `books` (`title`, `description`, `author`, `created_at`, `update_at`) values (War of the Worlds, A science fiction masterpiece about Martians invading London, H. G. Wells, 2020-10-29 02:06:59, 2020-10-29 02:06:59)) at C:\\xampp2\\htdocs\\pemint_B\\bookapp\\vendor\\illuminate\\database\\Connection.php:671)
[stacktrace]
#0 C:\\xampp2\\htdocs\\pemint_B\\bookapp\\vendor\\illuminate\\database\\Connection.php(631): Illuminate\\Database\\Connection->runQueryCallback('insert into `bo...', Array, Object(Closure))
#1 C:\\xampp2\\htdocs\\pemint_B\\bookapp\\vendor\\illuminate\\database\\Connection.php(465): Illuminate\\Database\\Connection->run('insert into `bo...', Array, Object(Closure))
#2 C:\\xampp2\\htdocs\\pemint_B\\bookapp\\vendor\\illuminate\\database\\Connection.php(417): Illuminate\\Database\\Connection->statement('insert into `bo...', Array)
#3 C:\\xampp2\\htdocs\\pemint_B\\bookapp\\vendor\\illuminate\\database\\Query\\Builder.php(2827): Illuminate\\Database\\Connection->insert('insert into `bo...', Array)
#4 C:\\xampp2\\htdocs\\pemint_B\\bookapp\\database\\seeders\\DatabaseSeeder.php(23): Illuminate\\Database\\Query\\Builder->insert(Array)
#5 C:\\xampp2\\htdocs\\pemint_B\\bookapp\\vendor\\illuminate\\container\\BoundMethod.php(36): Database\\Seeders\\DatabaseSeeder->run()
#6 C:\\xampp2\\htdocs\\pemint_B\\bookapp\\vendor\\illuminate\\container\\Util.php(40): Illuminate\\Container\\BoundMethod::Illuminate\\Container\\{closure}()
#7 C:\\xampp2\\htdocs\\pemint_B\\bookapp\\vendor\\illuminate\\container\\BoundMethod.php(93): Illuminate\\Container\\Util::unwrapIfClosure(Object(Closure))
#8 C:\\xampp2\\htdocs\\pemint_B\\bookapp\\vendor\\illuminate\\container\\BoundMethod.php(37): Illuminate\\Container\\BoundMethod::callBoundMethod(Object(Laravel\\Lumen\\Application), Array, Object(Closure))
#9 C:\\xampp2\\htdocs\\pemint_B\\bookapp\\vendor\\illuminate\\container\\Container.php(596): Illuminate\\Container\\BoundMethod::call(Object(Laravel\\Lumen\\Application), Array, Array, NULL)
#10 C:\\xampp2\\htdocs\\pemint_B\\bookapp\\vendor\\illuminate\\database\\Seeder.php(149): Illuminate\\Container\\Container->call(Array, Array)
#11 C:\\xampp2\\htdocs\\pemint_B\\bookapp\\vendor\\illuminate\\database\\Console\\Seeds\\SeedCommand.php(65): Illuminate\\Database\\Seeder->__invoke()
#12 C:\\xampp2\\htdocs\\pemint_B\\bookapp\\vendor\\illuminate\\database\\Eloquent\\Concerns\\GuardsAttributes.php(157): Illuminate\\Database\\Console\\Seeds\\SeedCommand->Illuminate\\Database\\Console\\Seeds\\{closure}()
#13 C:\\xampp2\\htdocs\\pemint_B\\bookapp\\vendor\\illuminate\\database\\Console\\Seeds\\SeedCommand.php(66): Illuminate\\Database\\Eloquent\\Model::unguarded(Object(Closure))
#14 C:\\xampp2\\htdocs\\pemint_B\\bookapp\\vendor\\illuminate\\container\\BoundMethod.php(36): Illuminate\\Database\\Console\\Seeds\\SeedCommand->handle()
#15 C:\\xampp2\\htdocs\\pemint_B\\bookapp\\vendor\\illuminate\\container\\Util.php(40): Illuminate\\Container\\BoundMethod::Illuminate\\Container\\{closure}()
#16 C:\\xampp2\\htdocs\\pemint_B\\bookapp\\vendor\\illuminate\\container\\BoundMethod.php(93): Illuminate\\Container\\Util::unwrapIfClosure(Object(Closure))
#17 C:\\xampp2\\htdocs\\pemint_B\\bookapp\\vendor\\illuminate\\container\\BoundMethod.php(37): Illuminate\\Container\\BoundMethod::callBoundMethod(Object(Laravel\\Lumen\\Application), Array, Object(Closure))
#18 C:\\xampp2\\htdocs\\pemint_B\\bookapp\\vendor\\illuminate\\container\\Container.php(596): Illuminate\\Container\\BoundMethod::call(Object(Laravel\\Lumen\\Application), Array, Array, NULL)
#19 C:\\xampp2\\htdocs\\pemint_B\\bookapp\\vendor\\illuminate\\console\\Command.php(136): Illuminate\\Container\\Container->call(Array)
#20 C:\\xampp2\\htdocs\\pemint_B\\bookapp\\vendor\\symfony\\console\\Command\\Command.php(258): Illuminate\\Console\\Command->execute(Object(Symfony\\Component\\Console\\Input\\ArgvInput), Object(Illuminate\\Console\\OutputStyle))
#21 C:\\xampp2\\htdocs\\pemint_B\\bookapp\\vendor\\illuminate\\console\\Command.php(121): Symfony\\Component\\Console\\Command\\Command->run(Object(Symfony\\Component\\Console\\Input\\ArgvInput), Object(Illuminate\\Console\\OutputStyle))
#22 C:\\xampp2\\htdocs\\pemint_B\\bookapp\\vendor\\symfony\\console\\Application.php(920): Illuminate\\Console\\Command->run(Object(Symfony\\Component\\Console\\Input\\ArgvInput), Object(Symfony\\Component\\Console\\Output\\ConsoleOutput))
#23 C:\\xampp2\\htdocs\\pemint_B\\bookapp\\vendor\\symfony\\console\\Application.php(266): Symfony\\Component\\Console\\Application->doRunCommand(Object(Illuminate\\Database\\Console\\Seeds\\SeedCommand), Object(Symfony\\Component\\Console\\Input\\ArgvInput), Object(Symfony\\Component\\Console\\Output\\ConsoleOutput))
#24 C:\\xampp2\\htdocs\\pemint_B\\bookapp\\vendor\\symfony\\console\\Application.php(142): Symfony\\Component\\Console\\Application->doRun(Object(Symfony\\Component\\Console\\Input\\ArgvInput), Object(Symfony\\Component\\Console\\Output\\ConsoleOutput))
#25 C:\\xampp2\\htdocs\\pemint_B\\bookapp\\vendor\\illuminate\\console\\Application.php(93): Symfony\\Component\\Console\\Application->run(Object(Symfony\\Component\\Console\\Input\\ArgvInput), Object(Symfony\\Component\\Console\\Output\\ConsoleOutput))
#26 C:\\xampp2\\htdocs\\pemint_B\\bookapp\\vendor\\laravel\\lumen-framework\\src\\Console\\Kernel.php(116): Illuminate\\Console\\Application->run(Object(Symfony\\Component\\Console\\Input\\ArgvInput), Object(Symfony\\Component\\Console\\Output\\ConsoleOutput))
#27 C:\\xampp2\\htdocs\\pemint_B\\bookapp\\artisan(35): Laravel\\Lumen\\Console\\Kernel->handle(Object(Symfony\\Component\\Console\\Input\\ArgvInput), Object(Symfony\\Component\\Console\\Output\\ConsoleOutput))
#28 {main}

[previous exception] [object] (PDOException(code: 2002): SQLSTATE[HY000] [2002] No connection could be made because the target machine actively refused it.
 at C:\\xampp2\\htdocs\\pemint_B\\bookapp\\vendor\\illuminate\\database\\Connectors\\Connector.php:70)
[stacktrace]
#0 C:\\xampp2\\htdocs\\pemint_B\\bookapp\\vendor\\illuminate\\database\\Connectors\\Connector.php(70): PDO->__construct('mysql:host=127....', 'root', '12345', Array)
#1 C:\\xampp2\\htdocs\\pemint_B\\bookapp\\vendor\\illuminate\\database\\Connectors\\Connector.php(46): Illuminate\\Database\\Connectors\\Connector->createPdoConnection('mysql:host=127....', 'root', '12345', Array)
#2 C:\\xampp2\\htdocs\\pemint_B\\bookapp\\vendor\\illuminate\\database\\Connectors\\MySqlConnector.php(24): Illuminate\\Database\\Connectors\\Connector->createConnection('mysql:host=127....', Array, Array)
#3 C:\\xampp2\\htdocs\\pemint_B\\bookapp\\vendor\\illuminate\\database\\Connectors\\ConnectionFactory.php(184): Illuminate\\Database\\Connectors\\MySqlConnector->connect(Array)
#4 [internal function]: Illuminate\\Database\\Connectors\\ConnectionFactory->Illuminate\\Database\\Connectors\\{closure}()
#5 C:\\xampp2\\htdocs\\pemint_B\\bookapp\\vendor\\illuminate\\database\\Connection.php(926): call_user_func(Object(Closure))
#6 C:\\xampp2\\htdocs\\pemint_B\\bookapp\\vendor\\illuminate\\database\\Connection.php(458): Illuminate\\Database\\Connection->getPdo()
#7 C:\\xampp2\\htdocs\\pemint_B\\bookapp\\vendor\\illuminate\\database\\Connection.php(664): Illuminate\\Database\\Connection->Illuminate\\Database\\{closure}('insert into `bo...', Array)
#8 C:\\xampp2\\htdocs\\pemint_B\\bookapp\\vendor\\illuminate\\database\\Connection.php(631): Illuminate\\Database\\Connection->runQueryCallback('insert into `bo...', Array, Object(Closure))
#9 C:\\xampp2\\htdocs\\pemint_B\\bookapp\\vendor\\illuminate\\database\\Connection.php(465): Illuminate\\Database\\Connection->run('insert into `bo...', Array, Object(Closure))
#10 C:\\xampp2\\htdocs\\pemint_B\\bookapp\\vendor\\illuminate\\database\\Connection.php(417): Illuminate\\Database\\Connection->statement('insert into `bo...', Array)
#11 C:\\xampp2\\htdocs\\pemint_B\\bookapp\\vendor\\illuminate\\database\\Query\\Builder.php(2827): Illuminate\\Database\\Connection->insert('insert into `bo...', Array)
#12 C:\\xampp2\\htdocs\\pemint_B\\bookapp\\database\\seeders\\DatabaseSeeder.php(23): Illuminate\\Database\\Query\\Builder->insert(Array)
#13 C:\\xampp2\\htdocs\\pemint_B\\bookapp\\vendor\\illuminate\\container\\BoundMethod.php(36): Database\\Seeders\\DatabaseSeeder->run()
#14 C:\\xampp2\\htdocs\\pemint_B\\bookapp\\vendor\\illuminate\\container\\Util.php(40): Illuminate\\Container\\BoundMethod::Illuminate\\Container\\{closure}()
#15 C:\\xampp2\\htdocs\\pemint_B\\bookapp\\vendor\\illuminate\\container\\BoundMethod.php(93): Illuminate\\Container\\Util::unwrapIfClosure(Object(Closure))
#16 C:\\xampp2\\htdocs\\pemint_B\\bookapp\\vendor\\illuminate\\container\\BoundMethod.php(37): Illuminate\\Container\\BoundMethod::callBoundMethod(Object(Laravel\\Lumen\\Application), Array, Object(Closure))
#17 C:\\xampp2\\htdocs\\pemint_B\\bookapp\\vendor\\illuminate\\container\\Container.php(596): Illuminate\\Container\\BoundMethod::call(Object(Laravel\\Lumen\\Application), Array, Array, NULL)
#18 C:\\xampp2\\htdocs\\pemint_B\\bookapp\\vendor\\illuminate\\database\\Seeder.php(149): Illuminate\\Container\\Container->call(Array, Array)
#19 C:\\xampp2\\htdocs\\pemint_B\\bookapp\\vendor\\illuminate\\database\\Console\\Seeds\\SeedCommand.php(65): Illuminate\\Database\\Seeder->__invoke()
#20 C:\\xampp2\\htdocs\\pemint_B\\bookapp\\vendor\\illuminate\\database\\Eloquent\\Concerns\\GuardsAttributes.php(157): Illuminate\\Database\\Console\\Seeds\\SeedCommand->Illuminate\\Database\\Console\\Seeds\\{closure}()
#21 C:\\xampp2\\htdocs\\pemint_B\\bookapp\\vendor\\illuminate\\database\\Console\\Seeds\\SeedCommand.php(66): Illuminate\\Database\\Eloquent\\Model::unguarded(Object(Closure))
#22 C:\\xampp2\\htdocs\\pemint_B\\bookapp\\vendor\\illuminate\\container\\BoundMethod.php(36): Illuminate\\Database\\Console\\Seeds\\SeedCommand->handle()
#23 C:\\xampp2\\htdocs\\pemint_B\\bookapp\\vendor\\illuminate\\container\\Util.php(40): Illuminate\\Container\\BoundMethod::Illuminate\\Container\\{closure}()
#24 C:\\xampp2\\htdocs\\pemint_B\\bookapp\\vendor\\illuminate\\container\\BoundMethod.php(93): Illuminate\\Container\\Util::unwrapIfClosure(Object(Closure))
#25 C:\\xampp2\\htdocs\\pemint_B\\bookapp\\vendor\\illuminate\\container\\BoundMethod.php(37): Illuminate\\Container\\BoundMethod::callBoundMethod(Object(Laravel\\Lumen\\Application), Array, Object(Closure))
#26 C:\\xampp2\\htdocs\\pemint_B\\bookapp\\vendor\\illuminate\\container\\Container.php(596): Illuminate\\Container\\BoundMethod::call(Object(Laravel\\Lumen\\Application), Array, Array, NULL)
#27 C:\\xampp2\\htdocs\\pemint_B\\bookapp\\vendor\\illuminate\\console\\Command.php(136): Illuminate\\Container\\Container->call(Array)
#28 C:\\xampp2\\htdocs\\pemint_B\\bookapp\\vendor\\symfony\\console\\Command\\Command.php(258): Illuminate\\Console\\Command->execute(Object(Symfony\\Component\\Console\\Input\\ArgvInput), Object(Illuminate\\Console\\OutputStyle))
#29 C:\\xampp2\\htdocs\\pemint_B\\bookapp\\vendor\\illuminate\\console\\Command.php(121): Symfony\\Component\\Console\\Command\\Command->run(Object(Symfony\\Component\\Console\\Input\\ArgvInput), Object(Illuminate\\Console\\OutputStyle))
#30 C:\\xampp2\\htdocs\\pemint_B\\bookapp\\vendor\\symfony\\console\\Application.php(920): Illuminate\\Console\\Command->run(Object(Symfony\\Component\\Console\\Input\\ArgvInput), Object(Symfony\\Component\\Console\\Output\\ConsoleOutput))
#31 C:\\xampp2\\htdocs\\pemint_B\\bookapp\\vendor\\symfony\\console\\Application.php(266): Symfony\\Component\\Console\\Application->doRunCommand(Object(Illuminate\\Database\\Console\\Seeds\\SeedCommand), Object(Symfony\\Component\\Console\\Input\\ArgvInput), Object(Symfony\\Component\\Console\\Output\\ConsoleOutput))
#32 C:\\xampp2\\htdocs\\pemint_B\\bookapp\\vendor\\symfony\\console\\Application.php(142): Symfony\\Component\\Console\\Application->doRun(Object(Symfony\\Component\\Console\\Input\\ArgvInput), Object(Symfony\\Component\\Console\\Output\\ConsoleOutput))
#33 C:\\xampp2\\htdocs\\pemint_B\\bookapp\\vendor\\illuminate\\console\\Application.php(93): Symfony\\Component\\Console\\Application->run(Object(Symfony\\Component\\Console\\Input\\ArgvInput), Object(Symfony\\Component\\Console\\Output\\ConsoleOutput))
#34 C:\\xampp2\\htdocs\\pemint_B\\bookapp\\vendor\\laravel\\lumen-framework\\src\\Console\\Kernel.php(116): Illuminate\\Console\\Application->run(Object(Symfony\\Component\\Console\\Input\\ArgvInput), Object(Symfony\\Component\\Console\\Output\\ConsoleOutput))
#35 C:\\xampp2\\htdocs\\pemint_B\\bookapp\\artisan(35): Laravel\\Lumen\\Console\\Kernel->handle(Object(Symfony\\Component\\Console\\Input\\ArgvInput), Object(Symfony\\Component\\Console\\Output\\ConsoleOutput))
#36 {main}
"} 
[2020-10-29 02:17:00] local.ERROR: SQLSTATE[42S22]: Column not found: 1054 Unknown column 'update_at' in 'field list' (SQL: insert into `books` (`title`, `description`, `author`, `created_at`, `update_at`) values (War of the Worlds, A science fiction masterpiece about Martians invading London, H. G. Wells, 2020-10-29 02:17:00, 2020-10-29 02:17:00)) {"exception":"[object] (Illuminate\\Database\\QueryException(code: 42S22): SQLSTATE[42S22]: Column not found: 1054 Unknown column 'update_at' in 'field list' (SQL: insert into `books` (`title`, `description`, `author`, `created_at`, `update_at`) values (War of the Worlds, A science fiction masterpiece about Martians invading London, H. G. Wells, 2020-10-29 02:17:00, 2020-10-29 02:17:00)) at C:\\xampp2\\htdocs\\pemint_B\\bookapp\\vendor\\illuminate\\database\\Connection.php:671)
[stacktrace]
#0 C:\\xampp2\\htdocs\\pemint_B\\bookapp\\vendor\\illuminate\\database\\Connection.php(631): Illuminate\\Database\\Connection->runQueryCallback('insert into `bo...', Array, Object(Closure))
#1 C:\\xampp2\\htdocs\\pemint_B\\bookapp\\vendor\\illuminate\\database\\Connection.php(465): Illuminate\\Database\\Connection->run('insert into `bo...', Array, Object(Closure))
#2 C:\\xampp2\\htdocs\\pemint_B\\bookapp\\vendor\\illuminate\\database\\Connection.php(417): Illuminate\\Database\\Connection->statement('insert into `bo...', Array)
#3 C:\\xampp2\\htdocs\\pemint_B\\bookapp\\vendor\\illuminate\\database\\Query\\Builder.php(2827): Illuminate\\Database\\Connection->insert('insert into `bo...', Array)
#4 C:\\xampp2\\htdocs\\pemint_B\\bookapp\\database\\seeders\\DatabaseSeeder.php(23): Illuminate\\Database\\Query\\Builder->insert(Array)
#5 C:\\xampp2\\htdocs\\pemint_B\\bookapp\\vendor\\illuminate\\container\\BoundMethod.php(36): Database\\Seeders\\DatabaseSeeder->run()
#6 C:\\xampp2\\htdocs\\pemint_B\\bookapp\\vendor\\illuminate\\container\\Util.php(40): Illuminate\\Container\\BoundMethod::Illuminate\\Container\\{closure}()
#7 C:\\xampp2\\htdocs\\pemint_B\\bookapp\\vendor\\illuminate\\container\\BoundMethod.php(93): Illuminate\\Container\\Util::unwrapIfClosure(Object(Closure))
#8 C:\\xampp2\\htdocs\\pemint_B\\bookapp\\vendor\\illuminate\\container\\BoundMethod.php(37): Illuminate\\Container\\BoundMethod::callBoundMethod(Object(Laravel\\Lumen\\Application), Array, Object(Closure))
#9 C:\\xampp2\\htdocs\\pemint_B\\bookapp\\vendor\\illuminate\\container\\Container.php(596): Illuminate\\Container\\BoundMethod::call(Object(Laravel\\Lumen\\Application), Array, Array, NULL)
#10 C:\\xampp2\\htdocs\\pemint_B\\bookapp\\vendor\\illuminate\\database\\Seeder.php(149): Illuminate\\Container\\Container->call(Array, Array)
#11 C:\\xampp2\\htdocs\\pemint_B\\bookapp\\vendor\\illuminate\\database\\Console\\Seeds\\SeedCommand.php(65): Illuminate\\Database\\Seeder->__invoke()
#12 C:\\xampp2\\htdocs\\pemint_B\\bookapp\\vendor\\illuminate\\database\\Eloquent\\Concerns\\GuardsAttributes.php(157): Illuminate\\Database\\Console\\Seeds\\SeedCommand->Illuminate\\Database\\Console\\Seeds\\{closure}()
#13 C:\\xampp2\\htdocs\\pemint_B\\bookapp\\vendor\\illuminate\\database\\Console\\Seeds\\SeedCommand.php(66): Illuminate\\Database\\Eloquent\\Model::unguarded(Object(Closure))
#14 C:\\xampp2\\htdocs\\pemint_B\\bookapp\\vendor\\illuminate\\container\\BoundMethod.php(36): Illuminate\\Database\\Console\\Seeds\\SeedCommand->handle()
#15 C:\\xampp2\\htdocs\\pemint_B\\bookapp\\vendor\\illuminate\\container\\Util.php(40): Illuminate\\Container\\BoundMethod::Illuminate\\Container\\{closure}()
#16 C:\\xampp2\\htdocs\\pemint_B\\bookapp\\vendor\\illuminate\\container\\BoundMethod.php(93): Illuminate\\Container\\Util::unwrapIfClosure(Object(Closure))
#17 C:\\xampp2\\htdocs\\pemint_B\\bookapp\\vendor\\illuminate\\container\\BoundMethod.php(37): Illuminate\\Container\\BoundMethod::callBoundMethod(Object(Laravel\\Lumen\\Application), Array, Object(Closure))
#18 C:\\xampp2\\htdocs\\pemint_B\\bookapp\\vendor\\illuminate\\container\\Container.php(596): Illuminate\\Container\\BoundMethod::call(Object(Laravel\\Lumen\\Application), Array, Array, NULL)
#19 C:\\xampp2\\htdocs\\pemint_B\\bookapp\\vendor\\illuminate\\console\\Command.php(136): Illuminate\\Container\\Container->call(Array)
#20 C:\\xampp2\\htdocs\\pemint_B\\bookapp\\vendor\\symfony\\console\\Command\\Command.php(258): Illuminate\\Console\\Command->execute(Object(Symfony\\Component\\Console\\Input\\ArgvInput), Object(Illuminate\\Console\\OutputStyle))
#21 C:\\xampp2\\htdocs\\pemint_B\\bookapp\\vendor\\illuminate\\console\\Command.php(121): Symfony\\Component\\Console\\Command\\Command->run(Object(Symfony\\Component\\Console\\Input\\ArgvInput), Object(Illuminate\\Console\\OutputStyle))
#22 C:\\xampp2\\htdocs\\pemint_B\\bookapp\\vendor\\symfony\\console\\Application.php(920): Illuminate\\Console\\Command->run(Object(Symfony\\Component\\Console\\Input\\ArgvInput), Object(Symfony\\Component\\Console\\Output\\ConsoleOutput))
#23 C:\\xampp2\\htdocs\\pemint_B\\bookapp\\vendor\\symfony\\console\\Application.php(266): Symfony\\Component\\Console\\Application->doRunCommand(Object(Illuminate\\Database\\Console\\Seeds\\SeedCommand), Object(Symfony\\Component\\Console\\Input\\ArgvInput), Object(Symfony\\Component\\Console\\Output\\ConsoleOutput))
#24 C:\\xampp2\\htdocs\\pemint_B\\bookapp\\vendor\\symfony\\console\\Application.php(142): Symfony\\Component\\Console\\Application->doRun(Object(Symfony\\Component\\Console\\Input\\ArgvInput), Object(Symfony\\Component\\Console\\Output\\ConsoleOutput))
#25 C:\\xampp2\\htdocs\\pemint_B\\bookapp\\vendor\\illuminate\\console\\Application.php(93): Symfony\\Component\\Console\\Application->run(Object(Symfony\\Component\\Console\\Input\\ArgvInput), Object(Symfony\\Component\\Console\\Output\\ConsoleOutput))
#26 C:\\xampp2\\htdocs\\pemint_B\\bookapp\\vendor\\laravel\\lumen-framework\\src\\Console\\Kernel.php(116): Illuminate\\Console\\Application->run(Object(Symfony\\Component\\Console\\Input\\ArgvInput), Object(Symfony\\Component\\Console\\Output\\ConsoleOutput))
#27 C:\\xampp2\\htdocs\\pemint_B\\bookapp\\artisan(35): Laravel\\Lumen\\Console\\Kernel->handle(Object(Symfony\\Component\\Console\\Input\\ArgvInput), Object(Symfony\\Component\\Console\\Output\\ConsoleOutput))
#28 {main}

[previous exception] [object] (PDOException(code: 42S22): SQLSTATE[42S22]: Column not found: 1054 Unknown column 'update_at' in 'field list' at C:\\xampp2\\htdocs\\pemint_B\\bookapp\\vendor\\illuminate\\database\\Connection.php:458)
[stacktrace]
#0 C:\\xampp2\\htdocs\\pemint_B\\bookapp\\vendor\\illuminate\\database\\Connection.php(458): PDO->prepare('insert into `bo...')
#1 C:\\xampp2\\htdocs\\pemint_B\\bookapp\\vendor\\illuminate\\database\\Connection.php(664): Illuminate\\Database\\Connection->Illuminate\\Database\\{closure}('insert into `bo...', Array)
#2 C:\\xampp2\\htdocs\\pemint_B\\bookapp\\vendor\\illuminate\\database\\Connection.php(631): Illuminate\\Database\\Connection->runQueryCallback('insert into `bo...', Array, Object(Closure))
#3 C:\\xampp2\\htdocs\\pemint_B\\bookapp\\vendor\\illuminate\\database\\Connection.php(465): Illuminate\\Database\\Connection->run('insert into `bo...', Array, Object(Closure))
#4 C:\\xampp2\\htdocs\\pemint_B\\bookapp\\vendor\\illuminate\\database\\Connection.php(417): Illuminate\\Database\\Connection->statement('insert into `bo...', Array)
#5 C:\\xampp2\\htdocs\\pemint_B\\bookapp\\vendor\\illuminate\\database\\Query\\Builder.php(2827): Illuminate\\Database\\Connection->insert('insert into `bo...', Array)
#6 C:\\xampp2\\htdocs\\pemint_B\\bookapp\\database\\seeders\\DatabaseSeeder.php(23): Illuminate\\Database\\Query\\Builder->insert(Array)
#7 C:\\xampp2\\htdocs\\pemint_B\\bookapp\\vendor\\illuminate\\container\\BoundMethod.php(36): Database\\Seeders\\DatabaseSeeder->run()
#8 C:\\xampp2\\htdocs\\pemint_B\\bookapp\\vendor\\illuminate\\container\\Util.php(40): Illuminate\\Container\\BoundMethod::Illuminate\\Container\\{closure}()
#9 C:\\xampp2\\htdocs\\pemint_B\\bookapp\\vendor\\illuminate\\container\\BoundMethod.php(93): Illuminate\\Container\\Util::unwrapIfClosure(Object(Closure))
#10 C:\\xampp2\\htdocs\\pemint_B\\bookapp\\vendor\\illuminate\\container\\BoundMethod.php(37): Illuminate\\Container\\BoundMethod::callBoundMethod(Object(Laravel\\Lumen\\Application), Array, Object(Closure))
#11 C:\\xampp2\\htdocs\\pemint_B\\bookapp\\vendor\\illuminate\\container\\Container.php(596): Illuminate\\Container\\BoundMethod::call(Object(Laravel\\Lumen\\Application), Array, Array, NULL)
#12 C:\\xampp2\\htdocs\\pemint_B\\bookapp\\vendor\\illuminate\\database\\Seeder.php(149): Illuminate\\Container\\Container->call(Array, Array)
#13 C:\\xampp2\\htdocs\\pemint_B\\bookapp\\vendor\\illuminate\\database\\Console\\Seeds\\SeedCommand.php(65): Illuminate\\Database\\Seeder->__invoke()
#14 C:\\xampp2\\htdocs\\pemint_B\\bookapp\\vendor\\illuminate\\database\\Eloquent\\Concerns\\GuardsAttributes.php(157): Illuminate\\Database\\Console\\Seeds\\SeedCommand->Illuminate\\Database\\Console\\Seeds\\{closure}()
#15 C:\\xampp2\\htdocs\\pemint_B\\bookapp\\vendor\\illuminate\\database\\Console\\Seeds\\SeedCommand.php(66): Illuminate\\Database\\Eloquent\\Model::unguarded(Object(Closure))
#16 C:\\xampp2\\htdocs\\pemint_B\\bookapp\\vendor\\illuminate\\container\\BoundMethod.php(36): Illuminate\\Database\\Console\\Seeds\\SeedCommand->handle()
#17 C:\\xampp2\\htdocs\\pemint_B\\bookapp\\vendor\\illuminate\\container\\Util.php(40): Illuminate\\Container\\BoundMethod::Illuminate\\Container\\{closure}()
#18 C:\\xampp2\\htdocs\\pemint_B\\bookapp\\vendor\\illuminate\\container\\BoundMethod.php(93): Illuminate\\Container\\Util::unwrapIfClosure(Object(Closure))
#19 C:\\xampp2\\htdocs\\pemint_B\\bookapp\\vendor\\illuminate\\container\\BoundMethod.php(37): Illuminate\\Container\\BoundMethod::callBoundMethod(Object(Laravel\\Lumen\\Application), Array, Object(Closure))
#20 C:\\xampp2\\htdocs\\pemint_B\\bookapp\\vendor\\illuminate\\container\\Container.php(596): Illuminate\\Container\\BoundMethod::call(Object(Laravel\\Lumen\\Application), Array, Array, NULL)
#21 C:\\xampp2\\htdocs\\pemint_B\\bookapp\\vendor\\illuminate\\console\\Command.php(136): Illuminate\\Container\\Container->call(Array)
#22 C:\\xampp2\\htdocs\\pemint_B\\bookapp\\vendor\\symfony\\console\\Command\\Command.php(258): Illuminate\\Console\\Command->execute(Object(Symfony\\Component\\Console\\Input\\ArgvInput), Object(Illuminate\\Console\\OutputStyle))
#23 C:\\xampp2\\htdocs\\pemint_B\\bookapp\\vendor\\illuminate\\console\\Command.php(121): Symfony\\Component\\Console\\Command\\Command->run(Object(Symfony\\Component\\Console\\Input\\ArgvInput), Object(Illuminate\\Console\\OutputStyle))
#24 C:\\xampp2\\htdocs\\pemint_B\\bookapp\\vendor\\symfony\\console\\Application.php(920): Illuminate\\Console\\Command->run(Object(Symfony\\Component\\Console\\Input\\ArgvInput), Object(Symfony\\Component\\Console\\Output\\ConsoleOutput))
#25 C:\\xampp2\\htdocs\\pemint_B\\bookapp\\vendor\\symfony\\console\\Application.php(266): Symfony\\Component\\Console\\Application->doRunCommand(Object(Illuminate\\Database\\Console\\Seeds\\SeedCommand), Object(Symfony\\Component\\Console\\Input\\ArgvInput), Object(Symfony\\Component\\Console\\Output\\ConsoleOutput))
#26 C:\\xampp2\\htdocs\\pemint_B\\bookapp\\vendor\\symfony\\console\\Application.php(142): Symfony\\Component\\Console\\Application->doRun(Object(Symfony\\Component\\Console\\Input\\ArgvInput), Object(Symfony\\Component\\Console\\Output\\ConsoleOutput))
#27 C:\\xampp2\\htdocs\\pemint_B\\bookapp\\vendor\\illuminate\\console\\Application.php(93): Symfony\\Component\\Console\\Application->run(Object(Symfony\\Component\\Console\\Input\\ArgvInput), Object(Symfony\\Component\\Console\\Output\\ConsoleOutput))
#28 C:\\xampp2\\htdocs\\pemint_B\\bookapp\\vendor\\laravel\\lumen-framework\\src\\Console\\Kernel.php(116): Illuminate\\Console\\Application->run(Object(Symfony\\Component\\Console\\Input\\ArgvInput), Object(Symfony\\Component\\Console\\Output\\ConsoleOutput))
#29 C:\\xampp2\\htdocs\\pemint_B\\bookapp\\artisan(35): Laravel\\Lumen\\Console\\Kernel->handle(Object(Symfony\\Component\\Console\\Input\\ArgvInput), Object(Symfony\\Component\\Console\\Output\\ConsoleOutput))
#30 {main}
"} 
[2020-10-29 02:20:11] local.ERROR: SQLSTATE[42S22]: Column not found: 1054 Unknown column 'update_at' in 'field list' (SQL: insert into `books` (`title`, `description`, `author`, `created_at`, `update_at`) values (War of the Worlds, A science fiction masterpiece about Martians invading London, H. G. Wells, 2020-10-29 02:20:11, 2020-10-29 02:20:11)) {"exception":"[object] (Illuminate\\Database\\QueryException(code: 42S22): SQLSTATE[42S22]: Column not found: 1054 Unknown column 'update_at' in 'field list' (SQL: insert into `books` (`title`, `description`, `author`, `created_at`, `update_at`) values (War of the Worlds, A science fiction masterpiece about Martians invading London, H. G. Wells, 2020-10-29 02:20:11, 2020-10-29 02:20:11)) at C:\\xampp2\\htdocs\\pemint_B\\bookapp\\vendor\\illuminate\\database\\Connection.php:671)
[stacktrace]
#0 C:\\xampp2\\htdocs\\pemint_B\\bookapp\\vendor\\illuminate\\database\\Connection.php(631): Illuminate\\Database\\Connection->runQueryCallback('insert into `bo...', Array, Object(Closure))
#1 C:\\xampp2\\htdocs\\pemint_B\\bookapp\\vendor\\illuminate\\database\\Connection.php(465): Illuminate\\Database\\Connection->run('insert into `bo...', Array, Object(Closure))
#2 C:\\xampp2\\htdocs\\pemint_B\\bookapp\\vendor\\illuminate\\database\\Connection.php(417): Illuminate\\Database\\Connection->statement('insert into `bo...', Array)
#3 C:\\xampp2\\htdocs\\pemint_B\\bookapp\\vendor\\illuminate\\database\\Query\\Builder.php(2827): Illuminate\\Database\\Connection->insert('insert into `bo...', Array)
#4 C:\\xampp2\\htdocs\\pemint_B\\bookapp\\database\\seeders\\DatabaseSeeder.php(23): Illuminate\\Database\\Query\\Builder->insert(Array)
#5 C:\\xampp2\\htdocs\\pemint_B\\bookapp\\vendor\\illuminate\\container\\BoundMethod.php(36): Database\\Seeders\\DatabaseSeeder->run()
#6 C:\\xampp2\\htdocs\\pemint_B\\bookapp\\vendor\\illuminate\\container\\Util.php(40): Illuminate\\Container\\BoundMethod::Illuminate\\Container\\{closure}()
#7 C:\\xampp2\\htdocs\\pemint_B\\bookapp\\vendor\\illuminate\\container\\BoundMethod.php(93): Illuminate\\Container\\Util::unwrapIfClosure(Object(Closure))
#8 C:\\xampp2\\htdocs\\pemint_B\\bookapp\\vendor\\illuminate\\container\\BoundMethod.php(37): Illuminate\\Container\\BoundMethod::callBoundMethod(Object(Laravel\\Lumen\\Application), Array, Object(Closure))
#9 C:\\xampp2\\htdocs\\pemint_B\\bookapp\\vendor\\illuminate\\container\\Container.php(596): Illuminate\\Container\\BoundMethod::call(Object(Laravel\\Lumen\\Application), Array, Array, NULL)
#10 C:\\xampp2\\htdocs\\pemint_B\\bookapp\\vendor\\illuminate\\database\\Seeder.php(149): Illuminate\\Container\\Container->call(Array, Array)
#11 C:\\xampp2\\htdocs\\pemint_B\\bookapp\\vendor\\illuminate\\database\\Console\\Seeds\\SeedCommand.php(65): Illuminate\\Database\\Seeder->__invoke()
#12 C:\\xampp2\\htdocs\\pemint_B\\bookapp\\vendor\\illuminate\\database\\Eloquent\\Concerns\\GuardsAttributes.php(157): Illuminate\\Database\\Console\\Seeds\\SeedCommand->Illuminate\\Database\\Console\\Seeds\\{closure}()
#13 C:\\xampp2\\htdocs\\pemint_B\\bookapp\\vendor\\illuminate\\database\\Console\\Seeds\\SeedCommand.php(66): Illuminate\\Database\\Eloquent\\Model::unguarded(Object(Closure))
#14 C:\\xampp2\\htdocs\\pemint_B\\bookapp\\vendor\\illuminate\\container\\BoundMethod.php(36): Illuminate\\Database\\Console\\Seeds\\SeedCommand->handle()
#15 C:\\xampp2\\htdocs\\pemint_B\\bookapp\\vendor\\illuminate\\container\\Util.php(40): Illuminate\\Container\\BoundMethod::Illuminate\\Container\\{closure}()
#16 C:\\xampp2\\htdocs\\pemint_B\\bookapp\\vendor\\illuminate\\container\\BoundMethod.php(93): Illuminate\\Container\\Util::unwrapIfClosure(Object(Closure))
#17 C:\\xampp2\\htdocs\\pemint_B\\bookapp\\vendor\\illuminate\\container\\BoundMethod.php(37): Illuminate\\Container\\BoundMethod::callBoundMethod(Object(Laravel\\Lumen\\Application), Array, Object(Closure))
#18 C:\\xampp2\\htdocs\\pemint_B\\bookapp\\vendor\\illuminate\\container\\Container.php(596): Illuminate\\Container\\BoundMethod::call(Object(Laravel\\Lumen\\Application), Array, Array, NULL)
#19 C:\\xampp2\\htdocs\\pemint_B\\bookapp\\vendor\\illuminate\\console\\Command.php(136): Illuminate\\Container\\Container->call(Array)
#20 C:\\xampp2\\htdocs\\pemint_B\\bookapp\\vendor\\symfony\\console\\Command\\Command.php(258): Illuminate\\Console\\Command->execute(Object(Symfony\\Component\\Console\\Input\\ArgvInput), Object(Illuminate\\Console\\OutputStyle))
#21 C:\\xampp2\\htdocs\\pemint_B\\bookapp\\vendor\\illuminate\\console\\Command.php(121): Symfony\\Component\\Console\\Command\\Command->run(Object(Symfony\\Component\\Console\\Input\\ArgvInput), Object(Illuminate\\Console\\OutputStyle))
#22 C:\\xampp2\\htdocs\\pemint_B\\bookapp\\vendor\\symfony\\console\\Application.php(920): Illuminate\\Console\\Command->run(Object(Symfony\\Component\\Console\\Input\\ArgvInput), Object(Symfony\\Component\\Console\\Output\\ConsoleOutput))
#23 C:\\xampp2\\htdocs\\pemint_B\\bookapp\\vendor\\symfony\\console\\Application.php(266): Symfony\\Component\\Console\\Application->doRunCommand(Object(Illuminate\\Database\\Console\\Seeds\\SeedCommand), Object(Symfony\\Component\\Console\\Input\\ArgvInput), Object(Symfony\\Component\\Console\\Output\\ConsoleOutput))
#24 C:\\xampp2\\htdocs\\pemint_B\\bookapp\\vendor\\symfony\\console\\Application.php(142): Symfony\\Component\\Console\\Application->doRun(Object(Symfony\\Component\\Console\\Input\\ArgvInput), Object(Symfony\\Component\\Console\\Output\\ConsoleOutput))
#25 C:\\xampp2\\htdocs\\pemint_B\\bookapp\\vendor\\illuminate\\console\\Application.php(93): Symfony\\Component\\Console\\Application->run(Object(Symfony\\Component\\Console\\Input\\ArgvInput), Object(Symfony\\Component\\Console\\Output\\ConsoleOutput))
#26 C:\\xampp2\\htdocs\\pemint_B\\bookapp\\vendor\\laravel\\lumen-framework\\src\\Console\\Kernel.php(116): Illuminate\\Console\\Application->run(Object(Symfony\\Component\\Console\\Input\\ArgvInput), Object(Symfony\\Component\\Console\\Output\\ConsoleOutput))
#27 C:\\xampp2\\htdocs\\pemint_B\\bookapp\\artisan(35): Laravel\\Lumen\\Console\\Kernel->handle(Object(Symfony\\Component\\Console\\Input\\ArgvInput), Object(Symfony\\Component\\Console\\Output\\ConsoleOutput))
#28 {main}

[previous exception] [object] (PDOException(code: 42S22): SQLSTATE[42S22]: Column not found: 1054 Unknown column 'update_at' in 'field list' at C:\\xampp2\\htdocs\\pemint_B\\bookapp\\vendor\\illuminate\\database\\Connection.php:458)
[stacktrace]
#0 C:\\xampp2\\htdocs\\pemint_B\\bookapp\\vendor\\illuminate\\database\\Connection.php(458): PDO->prepare('insert into `bo...')
#1 C:\\xampp2\\htdocs\\pemint_B\\bookapp\\vendor\\illuminate\\database\\Connection.php(664): Illuminate\\Database\\Connection->Illuminate\\Database\\{closure}('insert into `bo...', Array)
#2 C:\\xampp2\\htdocs\\pemint_B\\bookapp\\vendor\\illuminate\\database\\Connection.php(631): Illuminate\\Database\\Connection->runQueryCallback('insert into `bo...', Array, Object(Closure))
#3 C:\\xampp2\\htdocs\\pemint_B\\bookapp\\vendor\\illuminate\\database\\Connection.php(465): Illuminate\\Database\\Connection->run('insert into `bo...', Array, Object(Closure))
#4 C:\\xampp2\\htdocs\\pemint_B\\bookapp\\vendor\\illuminate\\database\\Connection.php(417): Illuminate\\Database\\Connection->statement('insert into `bo...', Array)
#5 C:\\xampp2\\htdocs\\pemint_B\\bookapp\\vendor\\illuminate\\database\\Query\\Builder.php(2827): Illuminate\\Database\\Connection->insert('insert into `bo...', Array)
#6 C:\\xampp2\\htdocs\\pemint_B\\bookapp\\database\\seeders\\DatabaseSeeder.php(23): Illuminate\\Database\\Query\\Builder->insert(Array)
#7 C:\\xampp2\\htdocs\\pemint_B\\bookapp\\vendor\\illuminate\\container\\BoundMethod.php(36): Database\\Seeders\\DatabaseSeeder->run()
#8 C:\\xampp2\\htdocs\\pemint_B\\bookapp\\vendor\\illuminate\\container\\Util.php(40): Illuminate\\Container\\BoundMethod::Illuminate\\Container\\{closure}()
#9 C:\\xampp2\\htdocs\\pemint_B\\bookapp\\vendor\\illuminate\\container\\BoundMethod.php(93): Illuminate\\Container\\Util::unwrapIfClosure(Object(Closure))
#10 C:\\xampp2\\htdocs\\pemint_B\\bookapp\\vendor\\illuminate\\container\\BoundMethod.php(37): Illuminate\\Container\\BoundMethod::callBoundMethod(Object(Laravel\\Lumen\\Application), Array, Object(Closure))
#11 C:\\xampp2\\htdocs\\pemint_B\\bookapp\\vendor\\illuminate\\container\\Container.php(596): Illuminate\\Container\\BoundMethod::call(Object(Laravel\\Lumen\\Application), Array, Array, NULL)
#12 C:\\xampp2\\htdocs\\pemint_B\\bookapp\\vendor\\illuminate\\database\\Seeder.php(149): Illuminate\\Container\\Container->call(Array, Array)
#13 C:\\xampp2\\htdocs\\pemint_B\\bookapp\\vendor\\illuminate\\database\\Console\\Seeds\\SeedCommand.php(65): Illuminate\\Database\\Seeder->__invoke()
#14 C:\\xampp2\\htdocs\\pemint_B\\bookapp\\vendor\\illuminate\\database\\Eloquent\\Concerns\\GuardsAttributes.php(157): Illuminate\\Database\\Console\\Seeds\\SeedCommand->Illuminate\\Database\\Console\\Seeds\\{closure}()
#15 C:\\xampp2\\htdocs\\pemint_B\\bookapp\\vendor\\illuminate\\database\\Console\\Seeds\\SeedCommand.php(66): Illuminate\\Database\\Eloquent\\Model::unguarded(Object(Closure))
#16 C:\\xampp2\\htdocs\\pemint_B\\bookapp\\vendor\\illuminate\\container\\BoundMethod.php(36): Illuminate\\Database\\Console\\Seeds\\SeedCommand->handle()
#17 C:\\xampp2\\htdocs\\pemint_B\\bookapp\\vendor\\illuminate\\container\\Util.php(40): Illuminate\\Container\\BoundMethod::Illuminate\\Container\\{closure}()
#18 C:\\xampp2\\htdocs\\pemint_B\\bookapp\\vendor\\illuminate\\container\\BoundMethod.php(93): Illuminate\\Container\\Util::unwrapIfClosure(Object(Closure))
#19 C:\\xampp2\\htdocs\\pemint_B\\bookapp\\vendor\\illuminate\\container\\BoundMethod.php(37): Illuminate\\Container\\BoundMethod::callBoundMethod(Object(Laravel\\Lumen\\Application), Array, Object(Closure))
#20 C:\\xampp2\\htdocs\\pemint_B\\bookapp\\vendor\\illuminate\\container\\Container.php(596): Illuminate\\Container\\BoundMethod::call(Object(Laravel\\Lumen\\Application), Array, Array, NULL)
#21 C:\\xampp2\\htdocs\\pemint_B\\bookapp\\vendor\\illuminate\\console\\Command.php(136): Illuminate\\Container\\Container->call(Array)
#22 C:\\xampp2\\htdocs\\pemint_B\\bookapp\\vendor\\symfony\\console\\Command\\Command.php(258): Illuminate\\Console\\Command->execute(Object(Symfony\\Component\\Console\\Input\\ArgvInput), Object(Illuminate\\Console\\OutputStyle))
#23 C:\\xampp2\\htdocs\\pemint_B\\bookapp\\vendor\\illuminate\\console\\Command.php(121): Symfony\\Component\\Console\\Command\\Command->run(Object(Symfony\\Component\\Console\\Input\\ArgvInput), Object(Illuminate\\Console\\OutputStyle))
#24 C:\\xampp2\\htdocs\\pemint_B\\bookapp\\vendor\\symfony\\console\\Application.php(920): Illuminate\\Console\\Command->run(Object(Symfony\\Component\\Console\\Input\\ArgvInput), Object(Symfony\\Component\\Console\\Output\\ConsoleOutput))
#25 C:\\xampp2\\htdocs\\pemint_B\\bookapp\\vendor\\symfony\\console\\Application.php(266): Symfony\\Component\\Console\\Application->doRunCommand(Object(Illuminate\\Database\\Console\\Seeds\\SeedCommand), Object(Symfony\\Component\\Console\\Input\\ArgvInput), Object(Symfony\\Component\\Console\\Output\\ConsoleOutput))
#26 C:\\xampp2\\htdocs\\pemint_B\\bookapp\\vendor\\symfony\\console\\Application.php(142): Symfony\\Component\\Console\\Application->doRun(Object(Symfony\\Component\\Console\\Input\\ArgvInput), Object(Symfony\\Component\\Console\\Output\\ConsoleOutput))
#27 C:\\xampp2\\htdocs\\pemint_B\\bookapp\\vendor\\illuminate\\console\\Application.php(93): Symfony\\Component\\Console\\Application->run(Object(Symfony\\Component\\Console\\Input\\ArgvInput), Object(Symfony\\Component\\Console\\Output\\ConsoleOutput))
#28 C:\\xampp2\\htdocs\\pemint_B\\bookapp\\vendor\\laravel\\lumen-framework\\src\\Console\\Kernel.php(116): Illuminate\\Console\\Application->run(Object(Symfony\\Component\\Console\\Input\\ArgvInput), Object(Symfony\\Component\\Console\\Output\\ConsoleOutput))
#29 C:\\xampp2\\htdocs\\pemint_B\\bookapp\\artisan(35): Laravel\\Lumen\\Console\\Kernel->handle(Object(Symfony\\Component\\Console\\Input\\ArgvInput), Object(Symfony\\Component\\Console\\Output\\ConsoleOutput))
#30 {main}
"} 
[2020-10-29 02:23:25] local.ERROR: SQLSTATE[42S22]: Column not found: 1054 Unknown column '0' in 'field list' (SQL: insert into `books` (`0`, `title`, `description`, `author`, `created_at`, `update_at`) values (id, War of the Worlds, A science fiction masterpiece about Martians invading London, H. G. Wells, 2020-10-29 02:23:25, 2020-10-29 02:23:25)) {"exception":"[object] (Illuminate\\Database\\QueryException(code: 42S22): SQLSTATE[42S22]: Column not found: 1054 Unknown column '0' in 'field list' (SQL: insert into `books` (`0`, `title`, `description`, `author`, `created_at`, `update_at`) values (id, War of the Worlds, A science fiction masterpiece about Martians invading London, H. G. Wells, 2020-10-29 02:23:25, 2020-10-29 02:23:25)) at C:\\xampp2\\htdocs\\pemint_B\\bookapp\\vendor\\illuminate\\database\\Connection.php:671)
[stacktrace]
#0 C:\\xampp2\\htdocs\\pemint_B\\bookapp\\vendor\\illuminate\\database\\Connection.php(631): Illuminate\\Database\\Connection->runQueryCallback('insert into `bo...', Array, Object(Closure))
#1 C:\\xampp2\\htdocs\\pemint_B\\bookapp\\vendor\\illuminate\\database\\Connection.php(465): Illuminate\\Database\\Connection->run('insert into `bo...', Array, Object(Closure))
#2 C:\\xampp2\\htdocs\\pemint_B\\bookapp\\vendor\\illuminate\\database\\Connection.php(417): Illuminate\\Database\\Connection->statement('insert into `bo...', Array)
#3 C:\\xampp2\\htdocs\\pemint_B\\bookapp\\vendor\\illuminate\\database\\Query\\Builder.php(2827): Illuminate\\Database\\Connection->insert('insert into `bo...', Array)
#4 C:\\xampp2\\htdocs\\pemint_B\\bookapp\\database\\seeders\\DatabaseSeeder.php(24): Illuminate\\Database\\Query\\Builder->insert(Array)
#5 C:\\xampp2\\htdocs\\pemint_B\\bookapp\\vendor\\illuminate\\container\\BoundMethod.php(36): Database\\Seeders\\DatabaseSeeder->run()
#6 C:\\xampp2\\htdocs\\pemint_B\\bookapp\\vendor\\illuminate\\container\\Util.php(40): Illuminate\\Container\\BoundMethod::Illuminate\\Container\\{closure}()
#7 C:\\xampp2\\htdocs\\pemint_B\\bookapp\\vendor\\illuminate\\container\\BoundMethod.php(93): Illuminate\\Container\\Util::unwrapIfClosure(Object(Closure))
#8 C:\\xampp2\\htdocs\\pemint_B\\bookapp\\vendor\\illuminate\\container\\BoundMethod.php(37): Illuminate\\Container\\BoundMethod::callBoundMethod(Object(Laravel\\Lumen\\Application), Array, Object(Closure))
#9 C:\\xampp2\\htdocs\\pemint_B\\bookapp\\vendor\\illuminate\\container\\Container.php(596): Illuminate\\Container\\BoundMethod::call(Object(Laravel\\Lumen\\Application), Array, Array, NULL)
#10 C:\\xampp2\\htdocs\\pemint_B\\bookapp\\vendor\\illuminate\\database\\Seeder.php(149): Illuminate\\Container\\Container->call(Array, Array)
#11 C:\\xampp2\\htdocs\\pemint_B\\bookapp\\vendor\\illuminate\\database\\Console\\Seeds\\SeedCommand.php(65): Illuminate\\Database\\Seeder->__invoke()
#12 C:\\xampp2\\htdocs\\pemint_B\\bookapp\\vendor\\illuminate\\database\\Eloquent\\Concerns\\GuardsAttributes.php(157): Illuminate\\Database\\Console\\Seeds\\SeedCommand->Illuminate\\Database\\Console\\Seeds\\{closure}()
#13 C:\\xampp2\\htdocs\\pemint_B\\bookapp\\vendor\\illuminate\\database\\Console\\Seeds\\SeedCommand.php(66): Illuminate\\Database\\Eloquent\\Model::unguarded(Object(Closure))
#14 C:\\xampp2\\htdocs\\pemint_B\\bookapp\\vendor\\illuminate\\container\\BoundMethod.php(36): Illuminate\\Database\\Console\\Seeds\\SeedCommand->handle()
#15 C:\\xampp2\\htdocs\\pemint_B\\bookapp\\vendor\\illuminate\\container\\Util.php(40): Illuminate\\Container\\BoundMethod::Illuminate\\Container\\{closure}()
#16 C:\\xampp2\\htdocs\\pemint_B\\bookapp\\vendor\\illuminate\\container\\BoundMethod.php(93): Illuminate\\Container\\Util::unwrapIfClosure(Object(Closure))
#17 C:\\xampp2\\htdocs\\pemint_B\\bookapp\\vendor\\illuminate\\container\\BoundMethod.php(37): Illuminate\\Container\\BoundMethod::callBoundMethod(Object(Laravel\\Lumen\\Application), Array, Object(Closure))
#18 C:\\xampp2\\htdocs\\pemint_B\\bookapp\\vendor\\illuminate\\container\\Container.php(596): Illuminate\\Container\\BoundMethod::call(Object(Laravel\\Lumen\\Application), Array, Array, NULL)
#19 C:\\xampp2\\htdocs\\pemint_B\\bookapp\\vendor\\illuminate\\console\\Command.php(136): Illuminate\\Container\\Container->call(Array)
#20 C:\\xampp2\\htdocs\\pemint_B\\bookapp\\vendor\\symfony\\console\\Command\\Command.php(258): Illuminate\\Console\\Command->execute(Object(Symfony\\Component\\Console\\Input\\ArgvInput), Object(Illuminate\\Console\\OutputStyle))
#21 C:\\xampp2\\htdocs\\pemint_B\\bookapp\\vendor\\illuminate\\console\\Command.php(121): Symfony\\Component\\Console\\Command\\Command->run(Object(Symfony\\Component\\Console\\Input\\ArgvInput), Object(Illuminate\\Console\\OutputStyle))
#22 C:\\xampp2\\htdocs\\pemint_B\\bookapp\\vendor\\symfony\\console\\Application.php(920): Illuminate\\Console\\Command->run(Object(Symfony\\Component\\Console\\Input\\ArgvInput), Object(Symfony\\Component\\Console\\Output\\ConsoleOutput))
#23 C:\\xampp2\\htdocs\\pemint_B\\bookapp\\vendor\\symfony\\console\\Application.php(266): Symfony\\Component\\Console\\Application->doRunCommand(Object(Illuminate\\Database\\Console\\Seeds\\SeedCommand), Object(Symfony\\Component\\Console\\Input\\ArgvInput), Object(Symfony\\Component\\Console\\Output\\ConsoleOutput))
#24 C:\\xampp2\\htdocs\\pemint_B\\bookapp\\vendor\\symfony\\console\\Application.php(142): Symfony\\Component\\Console\\Application->doRun(Object(Symfony\\Component\\Console\\Input\\ArgvInput), Object(Symfony\\Component\\Console\\Output\\ConsoleOutput))
#25 C:\\xampp2\\htdocs\\pemint_B\\bookapp\\vendor\\illuminate\\console\\Application.php(93): Symfony\\Component\\Console\\Application->run(Object(Symfony\\Component\\Console\\Input\\ArgvInput), Object(Symfony\\Component\\Console\\Output\\ConsoleOutput))
#26 C:\\xampp2\\htdocs\\pemint_B\\bookapp\\vendor\\laravel\\lumen-framework\\src\\Console\\Kernel.php(116): Illuminate\\Console\\Application->run(Object(Symfony\\Component\\Console\\Input\\ArgvInput), Object(Symfony\\Component\\Console\\Output\\ConsoleOutput))
#27 C:\\xampp2\\htdocs\\pemint_B\\bookapp\\artisan(35): Laravel\\Lumen\\Console\\Kernel->handle(Object(Symfony\\Component\\Console\\Input\\ArgvInput), Object(Symfony\\Component\\Console\\Output\\ConsoleOutput))
#28 {main}

[previous exception] [object] (PDOException(code: 42S22): SQLSTATE[42S22]: Column not found: 1054 Unknown column '0' in 'field list' at C:\\xampp2\\htdocs\\pemint_B\\bookapp\\vendor\\illuminate\\database\\Connection.php:458)
[stacktrace]
#0 C:\\xampp2\\htdocs\\pemint_B\\bookapp\\vendor\\illuminate\\database\\Connection.php(458): PDO->prepare('insert into `bo...')
#1 C:\\xampp2\\htdocs\\pemint_B\\bookapp\\vendor\\illuminate\\database\\Connection.php(664): Illuminate\\Database\\Connection->Illuminate\\Database\\{closure}('insert into `bo...', Array)
#2 C:\\xampp2\\htdocs\\pemint_B\\bookapp\\vendor\\illuminate\\database\\Connection.php(631): Illuminate\\Database\\Connection->runQueryCallback('insert into `bo...', Array, Object(Closure))
#3 C:\\xampp2\\htdocs\\pemint_B\\bookapp\\vendor\\illuminate\\database\\Connection.php(465): Illuminate\\Database\\Connection->run('insert into `bo...', Array, Object(Closure))
#4 C:\\xampp2\\htdocs\\pemint_B\\bookapp\\vendor\\illuminate\\database\\Connection.php(417): Illuminate\\Database\\Connection->statement('insert into `bo...', Array)
#5 C:\\xampp2\\htdocs\\pemint_B\\bookapp\\vendor\\illuminate\\database\\Query\\Builder.php(2827): Illuminate\\Database\\Connection->insert('insert into `bo...', Array)
#6 C:\\xampp2\\htdocs\\pemint_B\\bookapp\\database\\seeders\\DatabaseSeeder.php(24): Illuminate\\Database\\Query\\Builder->insert(Array)
#7 C:\\xampp2\\htdocs\\pemint_B\\bookapp\\vendor\\illuminate\\container\\BoundMethod.php(36): Database\\Seeders\\DatabaseSeeder->run()
#8 C:\\xampp2\\htdocs\\pemint_B\\bookapp\\vendor\\illuminate\\container\\Util.php(40): Illuminate\\Container\\BoundMethod::Illuminate\\Container\\{closure}()
#9 C:\\xampp2\\htdocs\\pemint_B\\bookapp\\vendor\\illuminate\\container\\BoundMethod.php(93): Illuminate\\Container\\Util::unwrapIfClosure(Object(Closure))
#10 C:\\xampp2\\htdocs\\pemint_B\\bookapp\\vendor\\illuminate\\container\\BoundMethod.php(37): Illuminate\\Container\\BoundMethod::callBoundMethod(Object(Laravel\\Lumen\\Application), Array, Object(Closure))
#11 C:\\xampp2\\htdocs\\pemint_B\\bookapp\\vendor\\illuminate\\container\\Container.php(596): Illuminate\\Container\\BoundMethod::call(Object(Laravel\\Lumen\\Application), Array, Array, NULL)
#12 C:\\xampp2\\htdocs\\pemint_B\\bookapp\\vendor\\illuminate\\database\\Seeder.php(149): Illuminate\\Container\\Container->call(Array, Array)
#13 C:\\xampp2\\htdocs\\pemint_B\\bookapp\\vendor\\illuminate\\database\\Console\\Seeds\\SeedCommand.php(65): Illuminate\\Database\\Seeder->__invoke()
#14 C:\\xampp2\\htdocs\\pemint_B\\bookapp\\vendor\\illuminate\\database\\Eloquent\\Concerns\\GuardsAttributes.php(157): Illuminate\\Database\\Console\\Seeds\\SeedCommand->Illuminate\\Database\\Console\\Seeds\\{closure}()
#15 C:\\xampp2\\htdocs\\pemint_B\\bookapp\\vendor\\illuminate\\database\\Console\\Seeds\\SeedCommand.php(66): Illuminate\\Database\\Eloquent\\Model::unguarded(Object(Closure))
#16 C:\\xampp2\\htdocs\\pemint_B\\bookapp\\vendor\\illuminate\\container\\BoundMethod.php(36): Illuminate\\Database\\Console\\Seeds\\SeedCommand->handle()
#17 C:\\xampp2\\htdocs\\pemint_B\\bookapp\\vendor\\illuminate\\container\\Util.php(40): Illuminate\\Container\\BoundMethod::Illuminate\\Container\\{closure}()
#18 C:\\xampp2\\htdocs\\pemint_B\\bookapp\\vendor\\illuminate\\container\\BoundMethod.php(93): Illuminate\\Container\\Util::unwrapIfClosure(Object(Closure))
#19 C:\\xampp2\\htdocs\\pemint_B\\bookapp\\vendor\\illuminate\\container\\BoundMethod.php(37): Illuminate\\Container\\BoundMethod::callBoundMethod(Object(Laravel\\Lumen\\Application), Array, Object(Closure))
#20 C:\\xampp2\\htdocs\\pemint_B\\bookapp\\vendor\\illuminate\\container\\Container.php(596): Illuminate\\Container\\BoundMethod::call(Object(Laravel\\Lumen\\Application), Array, Array, NULL)
#21 C:\\xampp2\\htdocs\\pemint_B\\bookapp\\vendor\\illuminate\\console\\Command.php(136): Illuminate\\Container\\Container->call(Array)
#22 C:\\xampp2\\htdocs\\pemint_B\\bookapp\\vendor\\symfony\\console\\Command\\Command.php(258): Illuminate\\Console\\Command->execute(Object(Symfony\\Component\\Console\\Input\\ArgvInput), Object(Illuminate\\Console\\OutputStyle))
#23 C:\\xampp2\\htdocs\\pemint_B\\bookapp\\vendor\\illuminate\\console\\Command.php(121): Symfony\\Component\\Console\\Command\\Command->run(Object(Symfony\\Component\\Console\\Input\\ArgvInput), Object(Illuminate\\Console\\OutputStyle))
#24 C:\\xampp2\\htdocs\\pemint_B\\bookapp\\vendor\\symfony\\console\\Application.php(920): Illuminate\\Console\\Command->run(Object(Symfony\\Component\\Console\\Input\\ArgvInput), Object(Symfony\\Component\\Console\\Output\\ConsoleOutput))
#25 C:\\xampp2\\htdocs\\pemint_B\\bookapp\\vendor\\symfony\\console\\Application.php(266): Symfony\\Component\\Console\\Application->doRunCommand(Object(Illuminate\\Database\\Console\\Seeds\\SeedCommand), Object(Symfony\\Component\\Console\\Input\\ArgvInput), Object(Symfony\\Component\\Console\\Output\\ConsoleOutput))
#26 C:\\xampp2\\htdocs\\pemint_B\\bookapp\\vendor\\symfony\\console\\Application.php(142): Symfony\\Component\\Console\\Application->doRun(Object(Symfony\\Component\\Console\\Input\\ArgvInput), Object(Symfony\\Component\\Console\\Output\\ConsoleOutput))
#27 C:\\xampp2\\htdocs\\pemint_B\\bookapp\\vendor\\illuminate\\console\\Application.php(93): Symfony\\Component\\Console\\Application->run(Object(Symfony\\Component\\Console\\Input\\ArgvInput), Object(Symfony\\Component\\Console\\Output\\ConsoleOutput))
#28 C:\\xampp2\\htdocs\\pemint_B\\bookapp\\vendor\\laravel\\lumen-framework\\src\\Console\\Kernel.php(116): Illuminate\\Console\\Application->run(Object(Symfony\\Component\\Console\\Input\\ArgvInput), Object(Symfony\\Component\\Console\\Output\\ConsoleOutput))
#29 C:\\xampp2\\htdocs\\pemint_B\\bookapp\\artisan(35): Laravel\\Lumen\\Console\\Kernel->handle(Object(Symfony\\Component\\Console\\Input\\ArgvInput), Object(Symfony\\Component\\Console\\Output\\ConsoleOutput))
#30 {main}
"} 
[2020-10-29 02:23:55] local.ERROR: SQLSTATE[42S22]: Column not found: 1054 Unknown column 'update_at' in 'field list' (SQL: insert into `books` (`id`, `title`, `description`, `author`, `created_at`, `update_at`) values (1, War of the Worlds, A science fiction masterpiece about Martians invading London, H. G. Wells, 2020-10-29 02:23:55, 2020-10-29 02:23:55)) {"exception":"[object] (Illuminate\\Database\\QueryException(code: 42S22): SQLSTATE[42S22]: Column not found: 1054 Unknown column 'update_at' in 'field list' (SQL: insert into `books` (`id`, `title`, `description`, `author`, `created_at`, `update_at`) values (1, War of the Worlds, A science fiction masterpiece about Martians invading London, H. G. Wells, 2020-10-29 02:23:55, 2020-10-29 02:23:55)) at C:\\xampp2\\htdocs\\pemint_B\\bookapp\\vendor\\illuminate\\database\\Connection.php:671)
[stacktrace]
#0 C:\\xampp2\\htdocs\\pemint_B\\bookapp\\vendor\\illuminate\\database\\Connection.php(631): Illuminate\\Database\\Connection->runQueryCallback('insert into `bo...', Array, Object(Closure))
#1 C:\\xampp2\\htdocs\\pemint_B\\bookapp\\vendor\\illuminate\\database\\Connection.php(465): Illuminate\\Database\\Connection->run('insert into `bo...', Array, Object(Closure))
#2 C:\\xampp2\\htdocs\\pemint_B\\bookapp\\vendor\\illuminate\\database\\Connection.php(417): Illuminate\\Database\\Connection->statement('insert into `bo...', Array)
#3 C:\\xampp2\\htdocs\\pemint_B\\bookapp\\vendor\\illuminate\\database\\Query\\Builder.php(2827): Illuminate\\Database\\Connection->insert('insert into `bo...', Array)
#4 C:\\xampp2\\htdocs\\pemint_B\\bookapp\\database\\seeders\\DatabaseSeeder.php(24): Illuminate\\Database\\Query\\Builder->insert(Array)
#5 C:\\xampp2\\htdocs\\pemint_B\\bookapp\\vendor\\illuminate\\container\\BoundMethod.php(36): Database\\Seeders\\DatabaseSeeder->run()
#6 C:\\xampp2\\htdocs\\pemint_B\\bookapp\\vendor\\illuminate\\container\\Util.php(40): Illuminate\\Container\\BoundMethod::Illuminate\\Container\\{closure}()
#7 C:\\xampp2\\htdocs\\pemint_B\\bookapp\\vendor\\illuminate\\container\\BoundMethod.php(93): Illuminate\\Container\\Util::unwrapIfClosure(Object(Closure))
#8 C:\\xampp2\\htdocs\\pemint_B\\bookapp\\vendor\\illuminate\\container\\BoundMethod.php(37): Illuminate\\Container\\BoundMethod::callBoundMethod(Object(Laravel\\Lumen\\Application), Array, Object(Closure))
#9 C:\\xampp2\\htdocs\\pemint_B\\bookapp\\vendor\\illuminate\\container\\Container.php(596): Illuminate\\Container\\BoundMethod::call(Object(Laravel\\Lumen\\Application), Array, Array, NULL)
#10 C:\\xampp2\\htdocs\\pemint_B\\bookapp\\vendor\\illuminate\\database\\Seeder.php(149): Illuminate\\Container\\Container->call(Array, Array)
#11 C:\\xampp2\\htdocs\\pemint_B\\bookapp\\vendor\\illuminate\\database\\Console\\Seeds\\SeedCommand.php(65): Illuminate\\Database\\Seeder->__invoke()
#12 C:\\xampp2\\htdocs\\pemint_B\\bookapp\\vendor\\illuminate\\database\\Eloquent\\Concerns\\GuardsAttributes.php(157): Illuminate\\Database\\Console\\Seeds\\SeedCommand->Illuminate\\Database\\Console\\Seeds\\{closure}()
#13 C:\\xampp2\\htdocs\\pemint_B\\bookapp\\vendor\\illuminate\\database\\Console\\Seeds\\SeedCommand.php(66): Illuminate\\Database\\Eloquent\\Model::unguarded(Object(Closure))
#14 C:\\xampp2\\htdocs\\pemint_B\\bookapp\\vendor\\illuminate\\container\\BoundMethod.php(36): Illuminate\\Database\\Console\\Seeds\\SeedCommand->handle()
#15 C:\\xampp2\\htdocs\\pemint_B\\bookapp\\vendor\\illuminate\\container\\Util.php(40): Illuminate\\Container\\BoundMethod::Illuminate\\Container\\{closure}()
#16 C:\\xampp2\\htdocs\\pemint_B\\bookapp\\vendor\\illuminate\\container\\BoundMethod.php(93): Illuminate\\Container\\Util::unwrapIfClosure(Object(Closure))
#17 C:\\xampp2\\htdocs\\pemint_B\\bookapp\\vendor\\illuminate\\container\\BoundMethod.php(37): Illuminate\\Container\\BoundMethod::callBoundMethod(Object(Laravel\\Lumen\\Application), Array, Object(Closure))
#18 C:\\xampp2\\htdocs\\pemint_B\\bookapp\\vendor\\illuminate\\container\\Container.php(596): Illuminate\\Container\\BoundMethod::call(Object(Laravel\\Lumen\\Application), Array, Array, NULL)
#19 C:\\xampp2\\htdocs\\pemint_B\\bookapp\\vendor\\illuminate\\console\\Command.php(136): Illuminate\\Container\\Container->call(Array)
#20 C:\\xampp2\\htdocs\\pemint_B\\bookapp\\vendor\\symfony\\console\\Command\\Command.php(258): Illuminate\\Console\\Command->execute(Object(Symfony\\Component\\Console\\Input\\ArgvInput), Object(Illuminate\\Console\\OutputStyle))
#21 C:\\xampp2\\htdocs\\pemint_B\\bookapp\\vendor\\illuminate\\console\\Command.php(121): Symfony\\Component\\Console\\Command\\Command->run(Object(Symfony\\Component\\Console\\Input\\ArgvInput), Object(Illuminate\\Console\\OutputStyle))
#22 C:\\xampp2\\htdocs\\pemint_B\\bookapp\\vendor\\symfony\\console\\Application.php(920): Illuminate\\Console\\Command->run(Object(Symfony\\Component\\Console\\Input\\ArgvInput), Object(Symfony\\Component\\Console\\Output\\ConsoleOutput))
#23 C:\\xampp2\\htdocs\\pemint_B\\bookapp\\vendor\\symfony\\console\\Application.php(266): Symfony\\Component\\Console\\Application->doRunCommand(Object(Illuminate\\Database\\Console\\Seeds\\SeedCommand), Object(Symfony\\Component\\Console\\Input\\ArgvInput), Object(Symfony\\Component\\Console\\Output\\ConsoleOutput))
#24 C:\\xampp2\\htdocs\\pemint_B\\bookapp\\vendor\\symfony\\console\\Application.php(142): Symfony\\Component\\Console\\Application->doRun(Object(Symfony\\Component\\Console\\Input\\ArgvInput), Object(Symfony\\Component\\Console\\Output\\ConsoleOutput))
#25 C:\\xampp2\\htdocs\\pemint_B\\bookapp\\vendor\\illuminate\\console\\Application.php(93): Symfony\\Component\\Console\\Application->run(Object(Symfony\\Component\\Console\\Input\\ArgvInput), Object(Symfony\\Component\\Console\\Output\\ConsoleOutput))
#26 C:\\xampp2\\htdocs\\pemint_B\\bookapp\\vendor\\laravel\\lumen-framework\\src\\Console\\Kernel.php(116): Illuminate\\Console\\Application->run(Object(Symfony\\Component\\Console\\Input\\ArgvInput), Object(Symfony\\Component\\Console\\Output\\ConsoleOutput))
#27 C:\\xampp2\\htdocs\\pemint_B\\bookapp\\artisan(35): Laravel\\Lumen\\Console\\Kernel->handle(Object(Symfony\\Component\\Console\\Input\\ArgvInput), Object(Symfony\\Component\\Console\\Output\\ConsoleOutput))
#28 {main}

[previous exception] [object] (PDOException(code: 42S22): SQLSTATE[42S22]: Column not found: 1054 Unknown column 'update_at' in 'field list' at C:\\xampp2\\htdocs\\pemint_B\\bookapp\\vendor\\illuminate\\database\\Connection.php:458)
[stacktrace]
#0 C:\\xampp2\\htdocs\\pemint_B\\bookapp\\vendor\\illuminate\\database\\Connection.php(458): PDO->prepare('insert into `bo...')
#1 C:\\xampp2\\htdocs\\pemint_B\\bookapp\\vendor\\illuminate\\database\\Connection.php(664): Illuminate\\Database\\Connection->Illuminate\\Database\\{closure}('insert into `bo...', Array)
#2 C:\\xampp2\\htdocs\\pemint_B\\bookapp\\vendor\\illuminate\\database\\Connection.php(631): Illuminate\\Database\\Connection->runQueryCallback('insert into `bo...', Array, Object(Closure))
#3 C:\\xampp2\\htdocs\\pemint_B\\bookapp\\vendor\\illuminate\\database\\Connection.php(465): Illuminate\\Database\\Connection->run('insert into `bo...', Array, Object(Closure))
#4 C:\\xampp2\\htdocs\\pemint_B\\bookapp\\vendor\\illuminate\\database\\Connection.php(417): Illuminate\\Database\\Connection->statement('insert into `bo...', Array)
#5 C:\\xampp2\\htdocs\\pemint_B\\bookapp\\vendor\\illuminate\\database\\Query\\Builder.php(2827): Illuminate\\Database\\Connection->insert('insert into `bo...', Array)
#6 C:\\xampp2\\htdocs\\pemint_B\\bookapp\\database\\seeders\\DatabaseSeeder.php(24): Illuminate\\Database\\Query\\Builder->insert(Array)
#7 C:\\xampp2\\htdocs\\pemint_B\\bookapp\\vendor\\illuminate\\container\\BoundMethod.php(36): Database\\Seeders\\DatabaseSeeder->run()
#8 C:\\xampp2\\htdocs\\pemint_B\\bookapp\\vendor\\illuminate\\container\\Util.php(40): Illuminate\\Container\\BoundMethod::Illuminate\\Container\\{closure}()
#9 C:\\xampp2\\htdocs\\pemint_B\\bookapp\\vendor\\illuminate\\container\\BoundMethod.php(93): Illuminate\\Container\\Util::unwrapIfClosure(Object(Closure))
#10 C:\\xampp2\\htdocs\\pemint_B\\bookapp\\vendor\\illuminate\\container\\BoundMethod.php(37): Illuminate\\Container\\BoundMethod::callBoundMethod(Object(Laravel\\Lumen\\Application), Array, Object(Closure))
#11 C:\\xampp2\\htdocs\\pemint_B\\bookapp\\vendor\\illuminate\\container\\Container.php(596): Illuminate\\Container\\BoundMethod::call(Object(Laravel\\Lumen\\Application), Array, Array, NULL)
#12 C:\\xampp2\\htdocs\\pemint_B\\bookapp\\vendor\\illuminate\\database\\Seeder.php(149): Illuminate\\Container\\Container->call(Array, Array)
#13 C:\\xampp2\\htdocs\\pemint_B\\bookapp\\vendor\\illuminate\\database\\Console\\Seeds\\SeedCommand.php(65): Illuminate\\Database\\Seeder->__invoke()
#14 C:\\xampp2\\htdocs\\pemint_B\\bookapp\\vendor\\illuminate\\database\\Eloquent\\Concerns\\GuardsAttributes.php(157): Illuminate\\Database\\Console\\Seeds\\SeedCommand->Illuminate\\Database\\Console\\Seeds\\{closure}()
#15 C:\\xampp2\\htdocs\\pemint_B\\bookapp\\vendor\\illuminate\\database\\Console\\Seeds\\SeedCommand.php(66): Illuminate\\Database\\Eloquent\\Model::unguarded(Object(Closure))
#16 C:\\xampp2\\htdocs\\pemint_B\\bookapp\\vendor\\illuminate\\container\\BoundMethod.php(36): Illuminate\\Database\\Console\\Seeds\\SeedCommand->handle()
#17 C:\\xampp2\\htdocs\\pemint_B\\bookapp\\vendor\\illuminate\\container\\Util.php(40): Illuminate\\Container\\BoundMethod::Illuminate\\Container\\{closure}()
#18 C:\\xampp2\\htdocs\\pemint_B\\bookapp\\vendor\\illuminate\\container\\BoundMethod.php(93): Illuminate\\Container\\Util::unwrapIfClosure(Object(Closure))
#19 C:\\xampp2\\htdocs\\pemint_B\\bookapp\\vendor\\illuminate\\container\\BoundMethod.php(37): Illuminate\\Container\\BoundMethod::callBoundMethod(Object(Laravel\\Lumen\\Application), Array, Object(Closure))
#20 C:\\xampp2\\htdocs\\pemint_B\\bookapp\\vendor\\illuminate\\container\\Container.php(596): Illuminate\\Container\\BoundMethod::call(Object(Laravel\\Lumen\\Application), Array, Array, NULL)
#21 C:\\xampp2\\htdocs\\pemint_B\\bookapp\\vendor\\illuminate\\console\\Command.php(136): Illuminate\\Container\\Container->call(Array)
#22 C:\\xampp2\\htdocs\\pemint_B\\bookapp\\vendor\\symfony\\console\\Command\\Command.php(258): Illuminate\\Console\\Command->execute(Object(Symfony\\Component\\Console\\Input\\ArgvInput), Object(Illuminate\\Console\\OutputStyle))
#23 C:\\xampp2\\htdocs\\pemint_B\\bookapp\\vendor\\illuminate\\console\\Command.php(121): Symfony\\Component\\Console\\Command\\Command->run(Object(Symfony\\Component\\Console\\Input\\ArgvInput), Object(Illuminate\\Console\\OutputStyle))
#24 C:\\xampp2\\htdocs\\pemint_B\\bookapp\\vendor\\symfony\\console\\Application.php(920): Illuminate\\Console\\Command->run(Object(Symfony\\Component\\Console\\Input\\ArgvInput), Object(Symfony\\Component\\Console\\Output\\ConsoleOutput))
#25 C:\\xampp2\\htdocs\\pemint_B\\bookapp\\vendor\\symfony\\console\\Application.php(266): Symfony\\Component\\Console\\Application->doRunCommand(Object(Illuminate\\Database\\Console\\Seeds\\SeedCommand), Object(Symfony\\Component\\Console\\Input\\ArgvInput), Object(Symfony\\Component\\Console\\Output\\ConsoleOutput))
#26 C:\\xampp2\\htdocs\\pemint_B\\bookapp\\vendor\\symfony\\console\\Application.php(142): Symfony\\Component\\Console\\Application->doRun(Object(Symfony\\Component\\Console\\Input\\ArgvInput), Object(Symfony\\Component\\Console\\Output\\ConsoleOutput))
#27 C:\\xampp2\\htdocs\\pemint_B\\bookapp\\vendor\\illuminate\\console\\Application.php(93): Symfony\\Component\\Console\\Application->run(Object(Symfony\\Component\\Console\\Input\\ArgvInput), Object(Symfony\\Component\\Console\\Output\\ConsoleOutput))
#28 C:\\xampp2\\htdocs\\pemint_B\\bookapp\\vendor\\laravel\\lumen-framework\\src\\Console\\Kernel.php(116): Illuminate\\Console\\Application->run(Object(Symfony\\Component\\Console\\Input\\ArgvInput), Object(Symfony\\Component\\Console\\Output\\ConsoleOutput))
#29 C:\\xampp2\\htdocs\\pemint_B\\bookapp\\artisan(35): Laravel\\Lumen\\Console\\Kernel->handle(Object(Symfony\\Component\\Console\\Input\\ArgvInput), Object(Symfony\\Component\\Console\\Output\\ConsoleOutput))
#30 {main}
"} 
